<?xml version="1.0" encoding="UTF-8"?>
<testsuite name="no.uio.inf5750.assignment2.service.StudentSystemTest" time="0.336" tests="16" errors="0" skipped="0" failures="0">
  <properties>
    <property name="java.runtime.name" value="Java(TM) SE Runtime Environment"/>
    <property name="sun.boot.library.path" value="C:\Program Files\Java\jdk1.8.0_101\jre\bin"/>
    <property name="java.vm.version" value="25.101-b13"/>
    <property name="java.vm.vendor" value="Oracle Corporation"/>
    <property name="maven.multiModuleProjectDirectory" value="C:/Users/Nicolas Lopez/workspace/StudentSystem/student-system"/>
    <property name="java.vendor.url" value="http://java.oracle.com/"/>
    <property name="path.separator" value=";"/>
    <property name="guice.disable.misplaced.annotation.check" value="true"/>
    <property name="java.vm.name" value="Java HotSpot(TM) 64-Bit Server VM"/>
    <property name="file.encoding.pkg" value="sun.io"/>
    <property name="user.script" value=""/>
    <property name="user.country" value="NO"/>
    <property name="sun.java.launcher" value="SUN_STANDARD"/>
    <property name="sun.os.patch.level" value=""/>
    <property name="java.vm.specification.name" value="Java Virtual Machine Specification"/>
    <property name="user.dir" value="C:\Users\Nicolas Lopez\workspace\StudentSystem\student-system"/>
    <property name="java.runtime.version" value="1.8.0_101-b13"/>
    <property name="java.awt.graphicsenv" value="sun.awt.Win32GraphicsEnvironment"/>
    <property name="java.endorsed.dirs" value="C:\Program Files\Java\jdk1.8.0_101\jre\lib\endorsed"/>
    <property name="os.arch" value="amd64"/>
    <property name="java.io.tmpdir" value="C:\Users\NICOLA~1\AppData\Local\Temp\"/>
    <property name="line.separator" value="&#10;"/>
    <property name="java.vm.specification.vendor" value="Oracle Corporation"/>
    <property name="user.variant" value=""/>
    <property name="os.name" value="Windows 10"/>
    <property name="classworlds.conf" value="C:/Users/Nicolas Lopez/Downloads/apache-maven-3.3.9-bin/apache-maven-3.3.9/bin/m2.conf"/>
    <property name="sun.jnu.encoding" value="Cp1252"/>
    <property name="java.library.path" value="C:\Program Files\Java\jdk1.8.0_101\bin;C:\WINDOWS\Sun\Java\bin;C:\WINDOWS\system32;C:\WINDOWS;C:\Users\Nicolas Lopez\bin;C:\Program Files\Git\mingw64\bin;C:\Program Files\Git\usr\local\bin;C:\Program Files\Git\usr\bin;C:\Program Files\Git\usr\bin;C:\Program Files\Git\mingw64\bin;C:\Program Files\Git\usr\bin;C:\Users\Nicolas Lopez\bin;C:\ProgramData\Oracle\Java\javapath;C:\Program Files\Common Files\Microsoft Shared\Windows Live;C:\Program Files (x86)\Common Files\Microsoft Shared\Windows Live;C:\WINDOWS\system32;C:\WINDOWS;C:\WINDOWS\System32\Wbem;C:\WINDOWS\System32\WindowsPowerShell\v1.0;C:\Program Files (x86)\Rational\common;C:\Program Files (x86)\Rational\ClearQuest;C:\Program Files (x86)\Rational\Rose\TopLink;C:\Users\Nicolas Lopez\.dnx\bin;C:\Program Files\Microsoft DNX\Dnvm;C:\Program Files\Java\jdk1.8.0_101\bin;C:\Program Files (x86)\IT Liberator AS\stORM 6;C:\Users\Nicolas Lopez\AppData\Local\atom\bin;C:\Users\Nicolas Lopez\AppData\Local\Microsoft\WindowsApps;C:\Users\Nicolas Lopez\Downloads\PosPayInstaller-4181-Win32\PosPayInstaller-4.18.1-Win32\winjre\bin;C:\PosPay\sw\native;C:\Program Files\Git\cmd;C:\Users\Nicolas Lopez\Downloads\apache-maven-3.3.9-bin\apache-maven-3.3.9\bin;C:\Program Files\PostgreSQL\9.3\bin;0;C:\Program Files (x86)\IT Liberator AS\stORM 6;C:\Users\Nicolas Lopez\AppData\Local\Microsoft\WindowsApps;C:\Program Files\Git\usr\bin\vendor_perl;C:\Program Files\Git\usr\bin\core_perl;."/>
    <property name="java.specification.name" value="Java Platform API Specification"/>
    <property name="java.class.version" value="52.0"/>
    <property name="sun.management.compiler" value="HotSpot 64-Bit Tiered Compilers"/>
    <property name="os.version" value="10.0"/>
    <property name="user.home" value="C:\Users\Nicolas Lopez"/>
    <property name="user.timezone" value="Europe/Berlin"/>
    <property name="java.awt.printerjob" value="sun.awt.windows.WPrinterJob"/>
    <property name="java.specification.version" value="1.8"/>
    <property name="file.encoding" value="Cp1252"/>
    <property name="user.name" value="Nicolas Lopez"/>
    <property name="java.class.path" value="C:/Users/Nicolas Lopez/Downloads/apache-maven-3.3.9-bin/apache-maven-3.3.9/boot/plexus-classworlds-2.5.2.jar"/>
    <property name="java.vm.specification.version" value="1.8"/>
    <property name="sun.arch.data.model" value="64"/>
    <property name="java.home" value="C:\Program Files\Java\jdk1.8.0_101\jre"/>
    <property name="sun.java.command" value="org.codehaus.plexus.classworlds.launcher.Launcher clean install sonar:sonar"/>
    <property name="java.specification.vendor" value="Oracle Corporation"/>
    <property name="user.language" value="no"/>
    <property name="awt.toolkit" value="sun.awt.windows.WToolkit"/>
    <property name="java.vm.info" value="mixed mode"/>
    <property name="java.version" value="1.8.0_101"/>
    <property name="java.ext.dirs" value="C:\Program Files\Java\jdk1.8.0_101\jre\lib\ext;C:\WINDOWS\Sun\Java\lib\ext"/>
    <property name="sun.boot.class.path" value="C:\Program Files\Java\jdk1.8.0_101\jre\lib\resources.jar;C:\Program Files\Java\jdk1.8.0_101\jre\lib\rt.jar;C:\Program Files\Java\jdk1.8.0_101\jre\lib\sunrsasign.jar;C:\Program Files\Java\jdk1.8.0_101\jre\lib\jsse.jar;C:\Program Files\Java\jdk1.8.0_101\jre\lib\jce.jar;C:\Program Files\Java\jdk1.8.0_101\jre\lib\charsets.jar;C:\Program Files\Java\jdk1.8.0_101\jre\lib\jfr.jar;C:\Program Files\Java\jdk1.8.0_101\jre\classes"/>
    <property name="java.vendor" value="Oracle Corporation"/>
    <property name="maven.home" value="C:\Users\Nicolas Lopez\Downloads\apache-maven-3.3.9-bin\apache-maven-3.3.9"/>
    <property name="file.separator" value="\"/>
    <property name="java.vendor.url.bug" value="http://bugreport.sun.com/bugreport/"/>
    <property name="sun.cpu.endian" value="little"/>
    <property name="sun.io.unicode.encoding" value="UnicodeLittle"/>
    <property name="sun.desktop" value="windows"/>
    <property name="sun.cpu.isalist" value="amd64"/>
  </properties>
  <testcase name="testDelStudent" classname="no.uio.inf5750.assignment2.service.StudentSystemTest" time="0.008"/>
  <testcase name="testAddAttendantToCourse" classname="no.uio.inf5750.assignment2.service.StudentSystemTest" time="0.038"/>
  <testcase name="testGetStudent" classname="no.uio.inf5750.assignment2.service.StudentSystemTest" time="0.032"/>
  <testcase name="testUpdateStudent" classname="no.uio.inf5750.assignment2.service.StudentSystemTest" time="0"/>
  <testcase name="testgetCourseByName" classname="no.uio.inf5750.assignment2.service.StudentSystemTest" time="0.04"/>
  <testcase name="testAddStudent" classname="no.uio.inf5750.assignment2.service.StudentSystemTest" time="0.011"/>
  <testcase name="testDelCourse" classname="no.uio.inf5750.assignment2.service.StudentSystemTest" time="0.029"/>
  <testcase name="testRemoveAttendantFromCourse" classname="no.uio.inf5750.assignment2.service.StudentSystemTest" time="0.015"/>
  <testcase name="testUpdateCourse" classname="no.uio.inf5750.assignment2.service.StudentSystemTest" time="0.015"/>
  <testcase name="testGetAllCourses" classname="no.uio.inf5750.assignment2.service.StudentSystemTest" time="0.03"/>
  <testcase name="TestSetStudentLocation" classname="no.uio.inf5750.assignment2.service.StudentSystemTest" time="0.009"/>
  <testcase name="testAddCourse" classname="no.uio.inf5750.assignment2.service.StudentSystemTest" time="0.022"/>
  <testcase name="testGetStudentByName" classname="no.uio.inf5750.assignment2.service.StudentSystemTest" time="0.015"/>
  <testcase name="testGetCourseByCourseCode" classname="no.uio.inf5750.assignment2.service.StudentSystemTest" time="0.023"/>
  <testcase name="testGetCourse" classname="no.uio.inf5750.assignment2.service.StudentSystemTest" time="0.026"/>
  <testcase name="testgetAllStudents" classname="no.uio.inf5750.assignment2.service.StudentSystemTest" time="0.023"/>
</testsuite>